Base path: C:/Program Files (x86)/Unity/Editor 4.5.5/Data
Pipe name: \\.\pipe\UnityShaderCompiler-5-3640
Cmd: getPlatforms
Cmd: compileSnippet
  api=9 type=1 insize=1515 outsize=7 kw=SOFTPARTICLES_OFF ok=1
Cmd: compileSnippet
  api=5 type=0 insize=4478 outsize=3625 kw=DIRECTIONAL SHADOWS_SCREEN SHADOWS_NATIVE LIGHTMAP_OFF DIRLIGHTMAP_OFF ok=1
Cmd: compileSnippet
  api=5 type=1 insize=4478 outsize=6 kw=DIRECTIONAL SHADOWS_OFF LIGHTMAP_ON DIRLIGHTMAP_ON ok=1
Cmd: compileSnippet
  api=5 type=1 insize=2441 outsize=6 kw=DIRECTIONAL ok=1
Cmd: compileSnippet
  api=9 type=0 insize=5928 outsize=4547 kw=DIRECTIONAL SHADOWS_OFF LIGHTMAP_OFF DIRLIGHTMAP_OFF ok=1
Cmd: compileSnippet
  api=9 type=1 insize=5928 outsize=7 kw=DIRECTIONAL SHADOWS_SCREEN LIGHTMAP_OFF DIRLIGHTMAP_OFF ok=1
Cmd: compileSnippet
  api=5 type=1 insize=3848 outsize=6 kw=SPOT ok=1
Cmd: compileSnippet
  api=5 type=0 insize=4367 outsize=1633 kw=DIRECTIONAL SHADOWS_SCREEN SHADOWS_NATIVE LIGHTMAP_ON DIRLIGHTMAP_OFF ok=1
Cmd: compileSnippet
  api=5 type=1 insize=4367 outsize=6 kw=DIRECTIONAL SHADOWS_OFF LIGHTMAP_OFF DIRLIGHTMAP_OFF ok=1
Cmd: compileSnippet
  api=9 type=1 insize=2343 outsize=7 kw=POINT ok=1
Cmd: compileSnippet
  api=9 type=0 insize=4084 outsize=3297 kw=LIGHTMAP_OFF DIRLIGHTMAP_OFF HDR_LIGHT_PREPASS_OFF ok=1
Unhandled exception: Readfile from pipe failed. GLE=The pipe has been ended.


Quitting shader compiler process
