Base path: C:/Program Files (x86)/Unity/Editor 4.5.5/Data
Pipe name: \\.\pipe\UnityShaderCompiler-20-2076
Cmd: getPlatforms
Cmd: compileSnippet
  api=9 type=0 insize=4478 outsize=1864 kw=DIRECTIONAL SHADOWS_SCREEN SHADOWS_NATIVE LIGHTMAP_ON DIRLIGHTMAP_ON ok=1
Cmd: compileSnippet
  api=9 type=0 insize=2441 outsize=1749 kw=DIRECTIONAL ok=1
Cmd: compileSnippet
  api=9 type=0 insize=2100 outsize=1215 kw= ok=1
Cmd: compileSnippet
  api=9 type=0 insize=4178 outsize=2085 kw=LIGHTMAP_ON DIRLIGHTMAP_ON HDR_LIGHT_PREPASS_OFF ok=1
Cmd: compileSnippet
  api=5 type=1 insize=5928 outsize=6 kw=DIRECTIONAL SHADOWS_OFF LIGHTMAP_OFF DIRLIGHTMAP_OFF ok=1
Cmd: compileSnippet
  api=9 type=1 insize=3848 outsize=7 kw=SPOT ok=1
Cmd: compileSnippet
  api=5 type=1 insize=5589 outsize=6 kw=LIGHTMAP_ON DIRLIGHTMAP_OFF HDR_LIGHT_PREPASS_OFF ok=1
Cmd: compileSnippet
  api=5 type=0 insize=4367 outsize=3938 kw=DIRECTIONAL SHADOWS_OFF LIGHTMAP_OFF DIRLIGHTMAP_OFF VERTEXLIGHT_ON ok=1
Cmd: compileSnippet
  api=5 type=0 insize=2343 outsize=1575 kw=DIRECTIONAL ok=1
Cmd: compileSnippet
  api=9 type=0 insize=1871 outsize=805 kw= ok=1
Cmd: compileSnippet
  api=5 type=0 insize=4084 outsize=3287 kw=LIGHTMAP_OFF DIRLIGHTMAP_OFF HDR_LIGHT_PREPASS_ON ok=1
Unhandled exception: Readfile from pipe failed. GLE=The pipe has been ended.


Quitting shader compiler process
